<?xml version="1.0" encoding="UTF-8"?>
<testng-results ignored="0" total="1" passed="1" failed="0" skipped="0">
  <reporter-output>
  </reporter-output>
  <suite started-at="2022-09-30T15:27:14 IST" name="Default suite" finished-at="2022-09-30T15:27:14 IST" duration-ms="97">
    <groups>
    </groups>
    <test started-at="2022-09-30T15:27:14 IST" name="Default test" finished-at="2022-09-30T15:27:14 IST" duration-ms="97">
      <class name="jenkinspracticepackage.Jenkinstest">
        <test-method signature="create()[pri:0, instance:jenkinspracticepackage.Jenkinstest@732c2a62]" started-at="2022-09-30T15:27:14 IST" name="create" finished-at="2022-09-30T15:27:14 IST" duration-ms="26" status="PASS">
          <reporter-output>
          </reporter-output>
        </test-method> <!-- create -->
      </class> <!-- jenkinspracticepackage.Jenkinstest -->
    </test> <!-- Default test -->
  </suite> <!-- Default suite -->
</testng-results>
